mode: set
github.com/abhi2687/voter-api/api/voter_handler.go:17.31,19.16 2 1
github.com/abhi2687/voter-api/api/voter_handler.go:19.16,21.3 1 0
github.com/abhi2687/voter-api/api/voter_handler.go:23.2,23.38 1 1
github.com/abhi2687/voter-api/api/voter_handler.go:26.49,29.45 3 1
github.com/abhi2687/voter-api/api/voter_handler.go:29.45,32.3 2 1
github.com/abhi2687/voter-api/api/voter_handler.go:34.2,35.16 2 1
github.com/abhi2687/voter-api/api/voter_handler.go:35.16,38.3 2 1
github.com/abhi2687/voter-api/api/voter_handler.go:40.2,40.49 1 1
github.com/abhi2687/voter-api/api/voter_handler.go:43.49,46.16 3 1
github.com/abhi2687/voter-api/api/voter_handler.go:46.16,49.3 2 0
github.com/abhi2687/voter-api/api/voter_handler.go:50.2,51.16 2 1
github.com/abhi2687/voter-api/api/voter_handler.go:51.16,54.3 2 1
github.com/abhi2687/voter-api/api/voter_handler.go:56.2,56.44 1 1
github.com/abhi2687/voter-api/api/voter_handler.go:59.53,62.2 2 1
github.com/abhi2687/voter-api/api/voter_handler.go:64.56,67.2 2 1
github.com/abhi2687/voter-api/api/voter_handler.go:69.52,73.16 4 1
github.com/abhi2687/voter-api/api/voter_handler.go:73.16,76.3 2 0
github.com/abhi2687/voter-api/api/voter_handler.go:78.2,78.45 1 1
github.com/abhi2687/voter-api/api/voter_handler.go:78.45,81.3 2 1
github.com/abhi2687/voter-api/api/voter_handler.go:83.2,84.16 2 1
github.com/abhi2687/voter-api/api/voter_handler.go:84.16,87.3 2 1
github.com/abhi2687/voter-api/api/voter_handler.go:89.2,89.64 1 1
github.com/abhi2687/voter-api/api/voter_handler.go:92.52,95.16 3 1
github.com/abhi2687/voter-api/api/voter_handler.go:95.16,98.3 2 0
github.com/abhi2687/voter-api/api/voter_handler.go:100.2,101.16 2 1
github.com/abhi2687/voter-api/api/voter_handler.go:101.16,104.3 2 1
github.com/abhi2687/voter-api/api/voter_handler.go:106.2,106.64 1 1
github.com/abhi2687/voter-api/api/voter_handler.go:109.54,112.16 3 1
github.com/abhi2687/voter-api/api/voter_handler.go:112.16,115.3 2 0
github.com/abhi2687/voter-api/api/voter_handler.go:116.2,117.16 2 1
github.com/abhi2687/voter-api/api/voter_handler.go:117.16,120.3 2 1
github.com/abhi2687/voter-api/api/voter_handler.go:122.2,122.49 1 1
github.com/abhi2687/voter-api/api/voter_handler.go:125.53,129.16 4 1
github.com/abhi2687/voter-api/api/voter_handler.go:129.16,132.3 2 0
github.com/abhi2687/voter-api/api/voter_handler.go:134.2,134.49 1 1
github.com/abhi2687/voter-api/api/voter_handler.go:134.49,137.3 2 1
github.com/abhi2687/voter-api/api/voter_handler.go:139.2,140.16 2 1
github.com/abhi2687/voter-api/api/voter_handler.go:140.16,143.3 2 1
github.com/abhi2687/voter-api/api/voter_handler.go:145.2,145.69 1 1
github.com/abhi2687/voter-api/api/voter_handler.go:148.53,151.16 3 1
github.com/abhi2687/voter-api/api/voter_handler.go:151.16,154.3 2 0
github.com/abhi2687/voter-api/api/voter_handler.go:156.2,158.16 3 1
github.com/abhi2687/voter-api/api/voter_handler.go:158.16,161.3 2 0
github.com/abhi2687/voter-api/api/voter_handler.go:163.2,164.16 2 1
github.com/abhi2687/voter-api/api/voter_handler.go:164.16,167.3 2 1
github.com/abhi2687/voter-api/api/voter_handler.go:169.2,169.48 1 1
github.com/abhi2687/voter-api/api/voter_handler.go:172.56,176.16 4 1
github.com/abhi2687/voter-api/api/voter_handler.go:176.16,179.3 2 0
github.com/abhi2687/voter-api/api/voter_handler.go:181.2,183.16 3 1
github.com/abhi2687/voter-api/api/voter_handler.go:183.16,186.3 2 0
github.com/abhi2687/voter-api/api/voter_handler.go:188.2,188.49 1 1
github.com/abhi2687/voter-api/api/voter_handler.go:188.49,191.3 2 1
github.com/abhi2687/voter-api/api/voter_handler.go:193.2,194.16 2 1
github.com/abhi2687/voter-api/api/voter_handler.go:194.16,197.3 2 1
github.com/abhi2687/voter-api/api/voter_handler.go:199.2,199.64 1 1
github.com/abhi2687/voter-api/api/voter_handler.go:202.56,205.16 3 1
github.com/abhi2687/voter-api/api/voter_handler.go:205.16,208.3 2 0
github.com/abhi2687/voter-api/api/voter_handler.go:210.2,212.16 3 1
github.com/abhi2687/voter-api/api/voter_handler.go:212.16,215.3 2 0
github.com/abhi2687/voter-api/api/voter_handler.go:217.2,218.16 2 1
github.com/abhi2687/voter-api/api/voter_handler.go:218.16,221.3 2 1
github.com/abhi2687/voter-api/api/voter_handler.go:223.2,223.64 1 1
github.com/abhi2687/voter-api/db/voter.go:25.32,29.2 1 1
github.com/abhi2687/voter-api/db/voter.go:31.49,33.8 2 1
github.com/abhi2687/voter-api/db/voter.go:33.8,35.3 1 1
github.com/abhi2687/voter-api/db/voter.go:37.2,38.12 2 1
github.com/abhi2687/voter-api/db/voter.go:41.59,43.9 2 1
github.com/abhi2687/voter-api/db/voter.go:43.9,45.3 1 1
github.com/abhi2687/voter-api/db/voter.go:47.2,47.19 1 1
github.com/abhi2687/voter-api/db/voter.go:50.44,52.33 2 1
github.com/abhi2687/voter-api/db/voter.go:52.33,54.3 1 1
github.com/abhi2687/voter-api/db/voter.go:55.2,55.18 1 1
github.com/abhi2687/voter-api/db/voter.go:58.39,60.2 1 1
github.com/abhi2687/voter-api/db/voter.go:62.66,64.9 2 1
github.com/abhi2687/voter-api/db/voter.go:64.9,66.3 1 1
github.com/abhi2687/voter-api/db/voter.go:68.2,74.12 5 1
github.com/abhi2687/voter-api/db/voter.go:77.53,79.9 2 1
github.com/abhi2687/voter-api/db/voter.go:79.9,81.3 1 1
github.com/abhi2687/voter-api/db/voter.go:83.2,84.12 2 1
github.com/abhi2687/voter-api/db/voter.go:87.73,89.9 2 1
github.com/abhi2687/voter-api/db/voter.go:89.9,91.3 1 1
github.com/abhi2687/voter-api/db/voter.go:93.2,93.31 1 1
github.com/abhi2687/voter-api/db/voter.go:96.78,98.9 2 1
github.com/abhi2687/voter-api/db/voter.go:98.9,100.3 1 1
github.com/abhi2687/voter-api/db/voter.go:102.2,102.39 1 1
github.com/abhi2687/voter-api/db/voter.go:102.39,103.36 1 1
github.com/abhi2687/voter-api/db/voter.go:103.36,105.4 1 1
github.com/abhi2687/voter-api/db/voter.go:108.2,111.12 3 1
github.com/abhi2687/voter-api/db/voter.go:114.83,116.9 2 1
github.com/abhi2687/voter-api/db/voter.go:116.9,118.3 1 1
github.com/abhi2687/voter-api/db/voter.go:120.2,120.39 1 1
github.com/abhi2687/voter-api/db/voter.go:120.39,121.26 1 1
github.com/abhi2687/voter-api/db/voter.go:121.26,123.4 1 1
github.com/abhi2687/voter-api/db/voter.go:126.2,126.58 1 1
github.com/abhi2687/voter-api/db/voter.go:129.94,131.9 2 1
github.com/abhi2687/voter-api/db/voter.go:131.9,133.3 1 1
github.com/abhi2687/voter-api/db/voter.go:135.2,135.39 1 1
github.com/abhi2687/voter-api/db/voter.go:135.39,136.26 1 1
github.com/abhi2687/voter-api/db/voter.go:136.26,140.4 3 1
github.com/abhi2687/voter-api/db/voter.go:143.2,143.42 1 1
github.com/abhi2687/voter-api/db/voter.go:146.70,148.9 2 1
github.com/abhi2687/voter-api/db/voter.go:148.9,150.3 1 1
github.com/abhi2687/voter-api/db/voter.go:152.2,152.39 1 1
github.com/abhi2687/voter-api/db/voter.go:152.39,153.26 1 1
github.com/abhi2687/voter-api/db/voter.go:153.26,157.4 3 1
github.com/abhi2687/voter-api/db/voter.go:160.2,160.42 1 1
